2024-11-05 14:26:22
Image Name: KaysHours2.jpg
Resized Image: KaysHours2_resized80%.jpg
Original Resolution: 3000x4000
Resized Resolution: 2400x3200
Model Output:
<|begin_of_text|><|start_header_id|>user<|end_header_id|>

<|image|>Given this image, output the information you see into a json format please<|eot_id|><|start_header_id|>assistant<|end_header_id|>

Sure, here is the information from the image in a JSON format:

{"Business Hours": {
  "Monday": "11:00AM - 9:00PM",
  "Tuesday": "11:00AM - 9:00PM",
  "Wednesday": "11:00AM - 9:00PM",
  "Thursday": "11:00AM - 9:00PM",
  "Friday": "11:00AM - 9:00PM",
  "Saturday": "12:00PM - 9:00PM",
  "Sunday": "CLOSED"
}}<|eot_id|>
--------------------------------------------------

2024-11-05 14:35:00
Image Name: KaysHours2.jpg
Resized Image: KaysHours2_resized60%.jpg
Original Resolution: 3000x4000
Resized Resolution: 1800x2400
Model Output:
<|begin_of_text|><|start_header_id|>user<|end_header_id|>

<|image|>Given this image, output the information you see into a json format please<|eot_id|><|start_header_id|>assistant<|end_header_id|>

Here is the information from the image in a JSON format:

{
    "Business Hours": {
        "Monday": "11:00AM - 9:00PM",
        "Tuesday": "11:00AM - 9:00PM",
        "Wednesday": "11:00AM - 9:00PM",
        "Thursday": "11:00AM - 9:00PM",
        "Friday": "11:00AM - 9:00PM",
        "Saturday": "12:00PM - 9:00PM",
        "Sunday": "CLOSED"
    }
}<|eot_id|>
--------------------------------------------------

2024-11-05 14:39:52
Image Name: KaysHours2.jpg
Resized Image: KaysHours2_resized40%.jpg
Original Resolution: 3000x4000
Resized Resolution: 1200x1600
Model Output:
<|begin_of_text|><|start_header_id|>user<|end_header_id|>

<|image|>Given this image, output the information you see into a json format please<|eot_id|><|start_header_id|>assistant<|end_header_id|>

Here is the information from the image in JSON format:

**Business Hours**

* Monday: 11:00 AM - 9:00 PM
* Tuesday: 11:00 AM - 9:00 PM
* Wednesday: 11:00 AM - 9:00 PM
* Thursday: 11:00 AM - 9:00 PM
* Friday: 11:00 AM - 9:00 PM
* Saturday: 12:00 PM - 9:00 PM
* Sunday: CLOSED<|eot_id|>
--------------------------------------------------

2024-11-05 14:44:51
Image Name: KaysHours2.jpg
Resized Image: KaysHours2_resized20%.jpg
Original Resolution: 3000x4000
Resized Resolution: 600x800
Model Output:
<|begin_of_text|><|start_header_id|>user<|end_header_id|>

<|image|>Given this image, output the information you see into a json format please<|eot_id|><|start_header_id|>assistant<|end_header_id|>

Sure, here is the information from the image in a JSON format:

{"Business Hours": {
    "Monday": "11:00AM - 9:00PM",
    "Tuesday": "11:00AM - 9:00PM",
    "Wednesday": "11:00AM - 9:00PM",
    "Thursday": "11:00AM - 9:00PM",
    "Friday": "11:00AM - 9:00PM",
    "Saturday": "12:00PM - 9:00PM",
    "Sunday": "CLOSED"
}}<|eot_id|>
--------------------------------------------------

2024-11-05 14:49:54
Image Name: KaysHours2.jpg
Original Resolution: 3000x4000
Resized Image: KaysHours2_resized10%.jpg
Resized Resolution: 300x400
Model Output:
<|begin_of_text|><|start_header_id|>user<|end_header_id|>

<|image|>Given this image, output the information you see into a json format please<|eot_id|><|start_header_id|>assistant<|end_header_id|>

Sure, here is the information from the image in a JSON format:

{"Business Hours": {
  "Monday": "12:00PM - 9:00PM",
  "Tuesday": "11:00AM - 9:00PM",
  "Wednesday": "11:00AM - 9:00PM",
  "Thursday": "11:00AM - 9:00PM",
  "Friday": "11:00AM - 9:00PM",
  "Saturday": "12:00PM - 9:00PM",
  "Sunday": "CLOSED"
}}<|eot_id|>
--------------------------------------------------

2024-11-05 14:54:23
Image Name: KaysHours2.jpg
Original Resolution: 3000x4000
Resized Image: KaysHours2_resized5%.jpg
Resized Resolution: 150x200
Model Output:
<|begin_of_text|><|start_header_id|>user<|end_header_id|>

<|image|>Given this image, output the information you see into a json format please<|eot_id|><|start_header_id|>assistant<|end_header_id|>

Sure, here is the information from the image in a JSON format:

{
    "text": "Monday - Saturday 7am - 10pm\nSunday 7am - 9pm\n",
    "other": "Closed - Christmas Day\nClosed - New Year's Day"
}<|eot_id|>
--------------------------------------------------

2024-11-05 15:03:52
Image Name: KaysHours2.jpg
Resized Image: KaysHours2_resized8%.jpg
Original Resolution: 3000x4000
Resized Resolution: 240x320
Model Output:
<|begin_of_text|><|start_header_id|>user<|end_header_id|>

<|image|>Given this image, output the information you see into a json format please<|eot_id|><|start_header_id|>assistant<|end_header_id|>

Sure, here is the information from the business hours sign in the image in JSON format:

{
    "business_hours": {
        "Thursday": {
            "open": "11:00AM",
            "close": "9:00PM"
        },
        "Friday": {
            "open": "11:00AM",
            "close": "9:00PM"
        },
        "Saturday": {
            "open": "12:00PM",
            "close": "9:00PM"
        },
        "Sunday": {
            "open": "12:00PM",
            "close": "9:00PM"
        }
    }
}<|eot_id|>
--------------------------------------------------

2024-11-05 15:22:29
Image Name: KaysHours2.jpg
Resized Image: KaysHours2_resized6%.jpg
Original Resolution: 3000x4000
Resized Resolution: 180x240
Model Output:
<|begin_of_text|><|start_header_id|>user<|end_header_id|>

<|image|>Given this image, output the information you see into a json format please<|eot_id|><|start_header_id|>assistant<|end_header_id|>

Here is the information from the image in a JSON format:

{
    "Restaurant Hours": {
        "Monday - Friday": {
            "11:00 AM - 8:00 PM"
        },
        "Saturday": {
            "11:00 AM - 8:00 PM"
        },
        "Sunday": {
            "11:00 AM - 8:00 PM"
        }
    }
}<|eot_id|>
--------------------------------------------------

