2024-11-05 14:26:22 - INFO - 
Function: process_image
Timestamp: 2024-11-05 14:26:22
Image Name: KaysHours2.jpg
Resized Image: KaysHours2_resized80%.jpg
Original Resolution: 3000x4000
Resized Resolution: 2400x3200
Execution Time: 268.75 seconds (4.48 minutes)
--------------------------------------------------
2024-11-05 14:35:00 - INFO - 
Function: process_image
Timestamp: 2024-11-05 14:35:00
Image Name: KaysHours2.jpg
Resized Image: KaysHours2_resized60%.jpg
Original Resolution: 3000x4000
Resized Resolution: 1800x2400
Execution Time: 270.05 seconds (4.50 minutes)
--------------------------------------------------
2024-11-05 14:39:52 - INFO - 
Function: process_image
Timestamp: 2024-11-05 14:39:52
Image Name: KaysHours2.jpg
Resized Image: KaysHours2_resized40%.jpg
Original Resolution: 3000x4000
Resized Resolution: 1200x1600
Execution Time: 239.88 seconds (4.00 minutes)
--------------------------------------------------
2024-11-05 14:44:51 - INFO - 
Function: process_image
Timestamp: 2024-11-05 14:44:51
Image Name: KaysHours2.jpg
Resized Image: KaysHours2_resized20%.jpg
Original Resolution: 3000x4000
Resized Resolution: 600x800
Execution Time: 267.81 seconds (4.46 minutes)
--------------------------------------------------
2024-11-05 14:49:54 - INFO - 
Function: process_image
Timestamp: 2024-11-05 14:49:54
Image Name: KaysHours2.jpg
Resized Image: KaysHours2_resized10%.jpg
Original Resolution: 3000x4000
Resized Resolution: 300x400
Execution Time: 269.56 seconds (4.49 minutes)
--------------------------------------------------
2024-11-05 14:54:23 - INFO - 
Function: process_image
Timestamp: 2024-11-05 14:54:23
Image Name: KaysHours2.jpg
Resized Image: KaysHours2_resized5%.jpg
Original Resolution: 3000x4000
Resized Resolution: 150x200
Execution Time: 159.94 seconds (2.67 minutes)
--------------------------------------------------
2024-11-05 15:03:52 - INFO - 
Function: process_image
Timestamp: 2024-11-05 15:03:52
Image Name: KaysHours2.jpg
Resized Image: KaysHours2_resized8%.jpg
Original Resolution: 3000x4000
Resized Resolution: 240x320
Execution Time: 289.85 seconds (4.83 minutes)
--------------------------------------------------
2024-11-05 15:22:29 - INFO - 
Function: process_image
Timestamp: 2024-11-05 15:22:29
Image Name: KaysHours2.jpg
Resized Image: KaysHours2_resized6%.jpg
Original Resolution: 3000x4000
Resized Resolution: 180x240
Execution Time: 230.78 seconds (3.85 minutes)
--------------------------------------------------
